../../utils/pintos -v -k -T 60 --qemu  --filesys-size=2 -p tests/userprog/args-none -a args-none -- -q  -f run args-none < /dev/null 2> tests/userprog/args-none.errors > tests/userprog/args-none.output
perl -I../.. ../../tests/userprog/args-none.ck tests/userprog/args-none tests/userprog/args-none.result
pass tests/userprog/args-none
../../utils/pintos -v -k -T 60 --qemu  --filesys-size=2 -p tests/userprog/args-single -a args-single -- -q  -f run 'args-single onearg' < /dev/null 2> tests/userprog/args-single.errors > tests/userprog/args-single.output
perl -I../.. ../../tests/userprog/args-single.ck tests/userprog/args-single tests/userprog/args-single.result
pass tests/userprog/args-single
../../utils/pintos -v -k -T 60 --qemu  --filesys-size=2 -p tests/userprog/args-multiple -a args-multiple -- -q  -f run 'args-multiple some arguments for you!' < /dev/null 2> tests/userprog/args-multiple.errors > tests/userprog/args-multiple.output
perl -I../.. ../../tests/userprog/args-multiple.ck tests/userprog/args-multiple tests/userprog/args-multiple.result
pass tests/userprog/args-multiple
../../utils/pintos -v -k -T 60 --qemu  --filesys-size=2 -p tests/userprog/args-many -a args-many -- -q  -f run 'args-many a b c d e f g h i j k l m n o p q r s t u v' < /dev/null 2> tests/userprog/args-many.errors > tests/userprog/args-many.output
perl -I../.. ../../tests/userprog/args-many.ck tests/userprog/args-many tests/userprog/args-many.result
pass tests/userprog/args-many
../../utils/pintos -v -k -T 60 --qemu  --filesys-size=2 -p tests/userprog/args-dbl-space -a args-dbl-space -- -q  -f run 'args-dbl-space two  spaces!' < /dev/null 2> tests/userprog/args-dbl-space.errors > tests/userprog/args-dbl-space.output
perl -I../.. ../../tests/userprog/args-dbl-space.ck tests/userprog/args-dbl-space tests/userprog/args-dbl-space.result
pass tests/userprog/args-dbl-space
../../utils/pintos -v -k -T 60 --qemu  --filesys-size=2 -p tests/userprog/sc-bad-sp -a sc-bad-sp -- -q  -f run sc-bad-sp < /dev/null 2> tests/userprog/sc-bad-sp.errors > tests/userprog/sc-bad-sp.output
perl -I../.. ../../tests/userprog/sc-bad-sp.ck tests/userprog/sc-bad-sp tests/userprog/sc-bad-sp.result
pass tests/userprog/sc-bad-sp
../../utils/pintos -v -k -T 60 --qemu  --filesys-size=2 -p tests/userprog/sc-bad-arg -a sc-bad-arg -- -q  -f run sc-bad-arg < /dev/null 2> tests/userprog/sc-bad-arg.errors > tests/userprog/sc-bad-arg.output
perl -I../.. ../../tests/userprog/sc-bad-arg.ck tests/userprog/sc-bad-arg tests/userprog/sc-bad-arg.result
pass tests/userprog/sc-bad-arg
../../utils/pintos -v -k -T 60 --qemu  --filesys-size=2 -p tests/userprog/sc-boundary -a sc-boundary -- -q  -f run sc-boundary < /dev/null 2> tests/userprog/sc-boundary.errors > tests/userprog/sc-boundary.output
perl -I../.. ../../tests/userprog/sc-boundary.ck tests/userprog/sc-boundary tests/userprog/sc-boundary.result
pass tests/userprog/sc-boundary
../../utils/pintos -v -k -T 60 --qemu  --filesys-size=2 -p tests/userprog/sc-boundary-2 -a sc-boundary-2 -- -q  -f run sc-boundary-2 < /dev/null 2> tests/userprog/sc-boundary-2.errors > tests/userprog/sc-boundary-2.output
perl -I../.. ../../tests/userprog/sc-boundary-2.ck tests/userprog/sc-boundary-2 tests/userprog/sc-boundary-2.result
pass tests/userprog/sc-boundary-2
../../utils/pintos -v -k -T 60 --qemu  --filesys-size=2 -p tests/userprog/halt -a halt -- -q  -f run halt < /dev/null 2> tests/userprog/halt.errors > tests/userprog/halt.output
perl -I../.. ../../tests/userprog/halt.ck tests/userprog/halt tests/userprog/halt.result
pass tests/userprog/halt
../../utils/pintos -v -k -T 60 --qemu  --filesys-size=2 -p tests/userprog/exit -a exit -- -q  -f run exit < /dev/null 2> tests/userprog/exit.errors > tests/userprog/exit.output
perl -I../.. ../../tests/userprog/exit.ck tests/userprog/exit tests/userprog/exit.result
pass tests/userprog/exit
../../utils/pintos -v -k -T 60 --qemu  --filesys-size=2 -p tests/userprog/create-normal -a create-normal -- -q  -f run create-normal < /dev/null 2> tests/userprog/create-normal.errors > tests/userprog/create-normal.output
perl -I../.. ../../tests/userprog/create-normal.ck tests/userprog/create-normal tests/userprog/create-normal.result
pass tests/userprog/create-normal
../../utils/pintos -v -k -T 60 --qemu  --filesys-size=2 -p tests/userprog/create-empty -a create-empty -- -q  -f run create-empty < /dev/null 2> tests/userprog/create-empty.errors > tests/userprog/create-empty.output
perl -I../.. ../../tests/userprog/create-empty.ck tests/userprog/create-empty tests/userprog/create-empty.result
FAIL tests/userprog/create-empty
Test output failed to match any acceptable form.

Acceptable output:
  (create-empty) begin
  create-empty: exit(-1)
Differences in `diff -u' format:
  (create-empty) begin
- create-empty: exit(-1)
+ (create-empty) create(""): 1
+ (create-empty) end
+ create-empty: exit(0)
Acceptable output:
  (create-empty) begin
  (create-empty) create(""): 0
  (create-empty) end
  create-empty: exit(0)
Differences in `diff -u' format:
  (create-empty) begin
- (create-empty) create(""): 0
+ (create-empty) create(""): 1
  (create-empty) end
  create-empty: exit(0)
../../utils/pintos -v -k -T 60 --qemu  --filesys-size=2 -p tests/userprog/create-null -a create-null -- -q  -f run create-null < /dev/null 2> tests/userprog/create-null.errors > tests/userprog/create-null.output
perl -I../.. ../../tests/userprog/create-null.ck tests/userprog/create-null tests/userprog/create-null.result
FAIL tests/userprog/create-null
Test output failed to match any acceptable form.

Acceptable output:
  (create-null) begin
  create-null: exit(-1)
Differences in `diff -u' format:
  (create-null) begin
- create-null: exit(-1)
+ (create-null) create(NULL): 0
+ (create-null) end
+ create-null: exit(0)
../../utils/pintos -v -k -T 60 --qemu  --filesys-size=2 -p tests/userprog/create-bad-ptr -a create-bad-ptr -- -q  -f run create-bad-ptr < /dev/null 2> tests/userprog/create-bad-ptr.errors > tests/userprog/create-bad-ptr.output
perl -I../.. ../../tests/userprog/create-bad-ptr.ck tests/userprog/create-bad-ptr tests/userprog/create-bad-ptr.result
FAIL tests/userprog/create-bad-ptr
Test output failed to match any acceptable form.

Acceptable output:
  (create-bad-ptr) begin
  create-bad-ptr: exit(-1)
Differences in `diff -u' format:
  (create-bad-ptr) begin
- create-bad-ptr: exit(-1)
+ (create-bad-ptr) create(0x20101234): 1
+ (create-bad-ptr) end
+ create-bad-ptr: exit(0)
../../utils/pintos -v -k -T 60 --qemu  --filesys-size=2 -p tests/userprog/create-long -a create-long -- -q  -f run create-long < /dev/null 2> tests/userprog/create-long.errors > tests/userprog/create-long.output
perl -I../.. ../../tests/userprog/create-long.ck tests/userprog/create-long tests/userprog/create-long.result
FAIL tests/userprog/create-long
Test output failed to match any acceptable form.

Acceptable output:
  (create-long) begin
  (create-long) create("x..."): 0
  (create-long) end
  create-long: exit(0)
Differences in `diff -u' format:
  (create-long) begin
- (create-long) create("x..."): 0
+ (create-long) create("x..."): 1
  (create-long) end
  create-long: exit(0)
../../utils/pintos -v -k -T 60 --qemu  --filesys-size=2 -p tests/userprog/create-exists -a create-exists -- -q  -f run create-exists < /dev/null 2> tests/userprog/create-exists.errors > tests/userprog/create-exists.output
perl -I../.. ../../tests/userprog/create-exists.ck tests/userprog/create-exists tests/userprog/create-exists.result
FAIL tests/userprog/create-exists
run: try to re-create quux.dat: FAILED
../../utils/pintos -v -k -T 60 --qemu  --filesys-size=2 -p tests/userprog/create-bound -a create-bound -- -q  -f run create-bound < /dev/null 2> tests/userprog/create-bound.errors > tests/userprog/create-bound.output
perl -I../.. ../../tests/userprog/create-bound.ck tests/userprog/create-bound tests/userprog/create-bound.result
pass tests/userprog/create-bound
../../utils/pintos -v -k -T 60 --qemu  --filesys-size=2 -p tests/userprog/open-normal -a open-normal -p ../../tests/userprog/sample.txt -a sample.txt -- -q  -f run open-normal < /dev/null 2> tests/userprog/open-normal.errors > tests/userprog/open-normal.output
perl -I../.. ../../tests/userprog/open-normal.ck tests/userprog/open-normal tests/userprog/open-normal.result
pass tests/userprog/open-normal
../../utils/pintos -v -k -T 60 --qemu  --filesys-size=2 -p tests/userprog/open-missing -a open-missing -- -q  -f run open-missing < /dev/null 2> tests/userprog/open-missing.errors > tests/userprog/open-missing.output
perl -I../.. ../../tests/userprog/open-missing.ck tests/userprog/open-missing tests/userprog/open-missing.result
FAIL tests/userprog/open-missing
run: open() returned 256: FAILED
../../utils/pintos -v -k -T 60 --qemu  --filesys-size=2 -p tests/userprog/open-boundary -a open-boundary -p ../../tests/userprog/sample.txt -a sample.txt -- -q  -f run open-boundary < /dev/null 2> tests/userprog/open-boundary.errors > tests/userprog/open-boundary.output
perl -I../.. ../../tests/userprog/open-boundary.ck tests/userprog/open-boundary tests/userprog/open-boundary.result
pass tests/userprog/open-boundary
../../utils/pintos -v -k -T 60 --qemu  --filesys-size=2 -p tests/userprog/open-empty -a open-empty -- -q  -f run open-empty < /dev/null 2> tests/userprog/open-empty.errors > tests/userprog/open-empty.output
perl -I../.. ../../tests/userprog/open-empty.ck tests/userprog/open-empty tests/userprog/open-empty.result
FAIL tests/userprog/open-empty
run: open() returned 256 instead of -1: FAILED
../../utils/pintos -v -k -T 60 --qemu  --filesys-size=2 -p tests/userprog/open-null -a open-null -- -q  -f run open-null < /dev/null 2> tests/userprog/open-null.errors > tests/userprog/open-null.output
perl -I../.. ../../tests/userprog/open-null.ck tests/userprog/open-null tests/userprog/open-null.result
pass tests/userprog/open-null
../../utils/pintos -v -k -T 60 --qemu  --filesys-size=2 -p tests/userprog/open-bad-ptr -a open-bad-ptr -- -q  -f run open-bad-ptr < /dev/null 2> tests/userprog/open-bad-ptr.errors > tests/userprog/open-bad-ptr.output
perl -I../.. ../../tests/userprog/open-bad-ptr.ck tests/userprog/open-bad-ptr tests/userprog/open-bad-ptr.result
FAIL tests/userprog/open-bad-ptr
run: should have called exit(-1): FAILED
../../utils/pintos -v -k -T 60 --qemu  --filesys-size=2 -p tests/userprog/open-twice -a open-twice -p ../../tests/userprog/sample.txt -a sample.txt -- -q  -f run open-twice < /dev/null 2> tests/userprog/open-twice.errors > tests/userprog/open-twice.output
perl -I../.. ../../tests/userprog/open-twice.ck tests/userprog/open-twice tests/userprog/open-twice.result
pass tests/userprog/open-twice
../../utils/pintos -v -k -T 60 --qemu  --filesys-size=2 -p tests/userprog/close-normal -a close-normal -p ../../tests/userprog/sample.txt -a sample.txt -- -q  -f run close-normal < /dev/null 2> tests/userprog/close-normal.errors > tests/userprog/close-normal.output
perl -I../.. ../../tests/userprog/close-normal.ck tests/userprog/close-normal tests/userprog/close-normal.result
pass tests/userprog/close-normal
../../utils/pintos -v -k -T 60 --qemu  --filesys-size=2 -p tests/userprog/close-twice -a close-twice -p ../../tests/userprog/sample.txt -a sample.txt -- -q  -f run close-twice < /dev/null 2> tests/userprog/close-twice.errors > tests/userprog/close-twice.output
perl -I../.. ../../tests/userprog/close-twice.ck tests/userprog/close-twice tests/userprog/close-twice.result
pass tests/userprog/close-twice
../../utils/pintos -v -k -T 60 --qemu  --filesys-size=2 -p tests/userprog/close-stdin -a close-stdin -- -q  -f run close-stdin < /dev/null 2> tests/userprog/close-stdin.errors > tests/userprog/close-stdin.output
perl -I../.. ../../tests/userprog/close-stdin.ck tests/userprog/close-stdin tests/userprog/close-stdin.result
pass tests/userprog/close-stdin
../../utils/pintos -v -k -T 60 --qemu  --filesys-size=2 -p tests/userprog/close-stdout -a close-stdout -- -q  -f run close-stdout < /dev/null 2> tests/userprog/close-stdout.errors > tests/userprog/close-stdout.output
perl -I../.. ../../tests/userprog/close-stdout.ck tests/userprog/close-stdout tests/userprog/close-stdout.result
pass tests/userprog/close-stdout
../../utils/pintos -v -k -T 60 --qemu  --filesys-size=2 -p tests/userprog/close-bad-fd -a close-bad-fd -- -q  -f run close-bad-fd < /dev/null 2> tests/userprog/close-bad-fd.errors > tests/userprog/close-bad-fd.output
perl -I../.. ../../tests/userprog/close-bad-fd.ck tests/userprog/close-bad-fd tests/userprog/close-bad-fd.result
pass tests/userprog/close-bad-fd
../../utils/pintos -v -k -T 60 --qemu  --filesys-size=2 -p tests/userprog/read-normal -a read-normal -p ../../tests/userprog/sample.txt -a sample.txt -- -q  -f run read-normal < /dev/null 2> tests/userprog/read-normal.errors > tests/userprog/read-normal.output
perl -I../.. ../../tests/userprog/read-normal.ck tests/userprog/read-normal tests/userprog/read-normal.result
FAIL tests/userprog/read-normal
run: read of 239 bytes at offset 0 in "sample.txt" returned 3221224768: FAILED
../../utils/pintos -v -k -T 60 --qemu  --filesys-size=2 -p tests/userprog/read-bad-ptr -a read-bad-ptr -p ../../tests/userprog/sample.txt -a sample.txt -- -q  -f run read-bad-ptr < /dev/null 2> tests/userprog/read-bad-ptr.errors > tests/userprog/read-bad-ptr.output
perl -I../.. ../../tests/userprog/read-bad-ptr.ck tests/userprog/read-bad-ptr tests/userprog/read-bad-ptr.result
FAIL tests/userprog/read-bad-ptr
run: should not have survived read(): FAILED
../../utils/pintos -v -k -T 60 --qemu  --filesys-size=2 -p tests/userprog/read-boundary -a read-boundary -p ../../tests/userprog/sample.txt -a sample.txt -- -q  -f run read-boundary < /dev/null 2> tests/userprog/read-boundary.errors > tests/userprog/read-boundary.output
perl -I../.. ../../tests/userprog/read-boundary.ck tests/userprog/read-boundary tests/userprog/read-boundary.result
FAIL tests/userprog/read-boundary
run: read() returned 134533000 instead of 239: FAILED
../../utils/pintos -v -k -T 60 --qemu  --filesys-size=2 -p tests/userprog/read-zero -a read-zero -p ../../tests/userprog/sample.txt -a sample.txt -- -q  -f run read-zero < /dev/null 2> tests/userprog/read-zero.errors > tests/userprog/read-zero.output
perl -I../.. ../../tests/userprog/read-zero.ck tests/userprog/read-zero tests/userprog/read-zero.result
FAIL tests/userprog/read-zero
run: read() returned -1073741937 instead of 0: FAILED
../../utils/pintos -v -k -T 60 --qemu  --filesys-size=2 -p tests/userprog/read-stdout -a read-stdout -- -q  -f run read-stdout < /dev/null 2> tests/userprog/read-stdout.errors > tests/userprog/read-stdout.output
perl -I../.. ../../tests/userprog/read-stdout.ck tests/userprog/read-stdout tests/userprog/read-stdout.result
pass tests/userprog/read-stdout
../../utils/pintos -v -k -T 60 --qemu  --filesys-size=2 -p tests/userprog/read-bad-fd -a read-bad-fd -- -q  -f run read-bad-fd < /dev/null 2> tests/userprog/read-bad-fd.errors > tests/userprog/read-bad-fd.output
perl -I../.. ../../tests/userprog/read-bad-fd.ck tests/userprog/read-bad-fd tests/userprog/read-bad-fd.result
pass tests/userprog/read-bad-fd
../../utils/pintos -v -k -T 60 --qemu  --filesys-size=2 -p tests/userprog/write-normal -a write-normal -p ../../tests/userprog/sample.txt -a sample.txt -- -q  -f run write-normal < /dev/null 2> tests/userprog/write-normal.errors > tests/userprog/write-normal.output
perl -I../.. ../../tests/userprog/write-normal.ck tests/userprog/write-normal tests/userprog/write-normal.result
FAIL tests/userprog/write-normal
Kernel panic in run: PANIC at ../../userprog/exception.c:104 in kill(): Kernel bug - unexpected interrupt in kernel
Call stack: 0xc0028c1e 0xc0020963 0x424548b
Translation of call stack:
In kernel.o:
0xc0028c1e: debug_panic (.../../lib/kernel/debug.c:38)
0xc0020963: big_ready (..../../threads/thread.c:420)
0x0424548b: (unknown)
../../utils/pintos -v -k -T 60 --qemu  --filesys-size=2 -p tests/userprog/write-bad-ptr -a write-bad-ptr -p ../../tests/userprog/sample.txt -a sample.txt -- -q  -f run write-bad-ptr < /dev/null 2> tests/userprog/write-bad-ptr.errors > tests/userprog/write-bad-ptr.output
perl -I../.. ../../tests/userprog/write-bad-ptr.ck tests/userprog/write-bad-ptr tests/userprog/write-bad-ptr.result
pass tests/userprog/write-bad-ptr
../../utils/pintos -v -k -T 60 --qemu  --filesys-size=2 -p tests/userprog/write-boundary -a write-boundary -p ../../tests/userprog/sample.txt -a sample.txt -- -q  -f run write-boundary < /dev/null 2> tests/userprog/write-boundary.errors > tests/userprog/write-boundary.output
perl -I../.. ../../tests/userprog/write-boundary.ck tests/userprog/write-boundary tests/userprog/write-boundary.result
FAIL tests/userprog/write-boundary
Kernel panic in run: PANIC at ../../userprog/exception.c:104 in kill(): Kernel bug - unexpected interrupt in kernel
Call stack: 0xc0028c1e 0xc0020963 0x424548b
Translation of call stack:
In kernel.o:
0xc0028c1e: debug_panic (.../../lib/kernel/debug.c:38)
0xc0020963: big_ready (..../../threads/thread.c:420)
0x0424548b: (unknown)
../../utils/pintos -v -k -T 60 --qemu  --filesys-size=2 -p tests/userprog/write-zero -a write-zero -p ../../tests/userprog/sample.txt -a sample.txt -- -q  -f run write-zero < /dev/null 2> tests/userprog/write-zero.errors > tests/userprog/write-zero.output
perl -I../.. ../../tests/userprog/write-zero.ck tests/userprog/write-zero tests/userprog/write-zero.result
FAIL tests/userprog/write-zero
Kernel panic in run: PANIC at ../../userprog/exception.c:104 in kill(): Kernel bug - unexpected interrupt in kernel
Call stack: 0xc0028c1e 0xc0020963 0x424548b
Translation of call stack:
In kernel.o:
0xc0028c1e: debug_panic (.../../lib/kernel/debug.c:38)
0xc0020963: big_ready (..../../threads/thread.c:420)
0x0424548b: (unknown)
../../utils/pintos -v -k -T 60 --qemu  --filesys-size=2 -p tests/userprog/write-stdin -a write-stdin -- -q  -f run write-stdin < /dev/null 2> tests/userprog/write-stdin.errors > tests/userprog/write-stdin.output
perl -I../.. ../../tests/userprog/write-stdin.ck tests/userprog/write-stdin tests/userprog/write-stdin.result
FAIL tests/userprog/write-stdin
Kernel panic in run: PANIC at ../../userprog/exception.c:104 in kill(): Kernel bug - unexpected interrupt in kernel
Call stack: 0xc0028c1e 0xc0020963 0x424548b
Translation of call stack:
In kernel.o:
0xc0028c1e: debug_panic (.../../lib/kernel/debug.c:38)
0xc0020963: big_ready (..../../threads/thread.c:420)
0x0424548b: (unknown)
../../utils/pintos -v -k -T 60 --qemu  --filesys-size=2 -p tests/userprog/write-bad-fd -a write-bad-fd -- -q  -f run write-bad-fd < /dev/null 2> tests/userprog/write-bad-fd.errors > tests/userprog/write-bad-fd.output
perl -I../.. ../../tests/userprog/write-bad-fd.ck tests/userprog/write-bad-fd tests/userprog/write-bad-fd.result
FAIL tests/userprog/write-bad-fd
Kernel panic in run: PANIC at ../../userprog/exception.c:104 in kill(): Kernel bug - unexpected interrupt in kernel
Call stack: 0xc0028c1e 0xc0020963 0x424548b
Translation of call stack:
In kernel.o:
0xc0028c1e: debug_panic (.../../lib/kernel/debug.c:38)
0xc0020963: big_ready (..../../threads/thread.c:420)
0x0424548b: (unknown)
../../utils/pintos -v -k -T 60 --qemu  --filesys-size=2 -p tests/userprog/exec-once -a exec-once -p tests/userprog/child-simple -a child-simple -- -q  -f run exec-once < /dev/null 2> tests/userprog/exec-once.errors > tests/userprog/exec-once.output
perl -I../.. ../../tests/userprog/exec-once.ck tests/userprog/exec-once tests/userprog/exec-once.result
pass tests/userprog/exec-once
../../utils/pintos -v -k -T 60 --qemu  --filesys-size=2 -p tests/userprog/exec-arg -a exec-arg -p tests/userprog/child-args -a child-args -- -q  -f run exec-arg < /dev/null 2> tests/userprog/exec-arg.errors > tests/userprog/exec-arg.output
perl -I../.. ../../tests/userprog/exec-arg.ck tests/userprog/exec-arg tests/userprog/exec-arg.result
pass tests/userprog/exec-arg
../../utils/pintos -v -k -T 60 --qemu  --filesys-size=2 -p tests/userprog/exec-multiple -a exec-multiple -p tests/userprog/child-simple -a child-simple -- -q  -f run exec-multiple < /dev/null 2> tests/userprog/exec-multiple.errors > tests/userprog/exec-multiple.output
perl -I../.. ../../tests/userprog/exec-multiple.ck tests/userprog/exec-multiple tests/userprog/exec-multiple.result
pass tests/userprog/exec-multiple
../../utils/pintos -v -k -T 60 --qemu  --filesys-size=2 -p tests/userprog/exec-missing -a exec-missing -- -q  -f run exec-missing < /dev/null 2> tests/userprog/exec-missing.errors > tests/userprog/exec-missing.output
perl -I../.. ../../tests/userprog/exec-missing.ck tests/userprog/exec-missing tests/userprog/exec-missing.result
pass tests/userprog/exec-missing
../../utils/pintos -v -k -T 60 --qemu  --filesys-size=2 -p tests/userprog/exec-bad-ptr -a exec-bad-ptr -- -q  -f run exec-bad-ptr < /dev/null 2> tests/userprog/exec-bad-ptr.errors > tests/userprog/exec-bad-ptr.output
perl -I../.. ../../tests/userprog/exec-bad-ptr.ck tests/userprog/exec-bad-ptr tests/userprog/exec-bad-ptr.result
pass tests/userprog/exec-bad-ptr
../../utils/pintos -v -k -T 60 --qemu  --filesys-size=2 -p tests/userprog/wait-simple -a wait-simple -p tests/userprog/child-simple -a child-simple -- -q  -f run wait-simple < /dev/null 2> tests/userprog/wait-simple.errors > tests/userprog/wait-simple.output
perl -I../.. ../../tests/userprog/wait-simple.ck tests/userprog/wait-simple tests/userprog/wait-simple.result
pass tests/userprog/wait-simple
../../utils/pintos -v -k -T 60 --qemu  --filesys-size=2 -p tests/userprog/wait-twice -a wait-twice -p tests/userprog/child-simple -a child-simple -- -q  -f run wait-twice < /dev/null 2> tests/userprog/wait-twice.errors > tests/userprog/wait-twice.output
perl -I../.. ../../tests/userprog/wait-twice.ck tests/userprog/wait-twice tests/userprog/wait-twice.result
pass tests/userprog/wait-twice
../../utils/pintos -v -k -T 60 --qemu  --filesys-size=2 -p tests/userprog/wait-killed -a wait-killed -p tests/userprog/child-bad -a child-bad -- -q  -f run wait-killed < /dev/null 2> tests/userprog/wait-killed.errors > tests/userprog/wait-killed.output
perl -I../.. ../../tests/userprog/wait-killed.ck tests/userprog/wait-killed tests/userprog/wait-killed.result
pass tests/userprog/wait-killed
../../utils/pintos -v -k -T 60 --qemu  --filesys-size=2 -p tests/userprog/wait-bad-pid -a wait-bad-pid -- -q  -f run wait-bad-pid < /dev/null 2> tests/userprog/wait-bad-pid.errors > tests/userprog/wait-bad-pid.output
perl -I../.. ../../tests/userprog/wait-bad-pid.ck tests/userprog/wait-bad-pid tests/userprog/wait-bad-pid.result
pass tests/userprog/wait-bad-pid
../../utils/pintos -v -k -T 60 --qemu  --filesys-size=2 -p tests/userprog/multi-recurse -a multi-recurse -- -q  -f run 'multi-recurse 15' < /dev/null 2> tests/userprog/multi-recurse.errors > tests/userprog/multi-recurse.output
perl -I../.. ../../tests/userprog/multi-recurse.ck tests/userprog/multi-recurse tests/userprog/multi-recurse.result
pass tests/userprog/multi-recurse
../../utils/pintos -v -k -T 60 --qemu  --filesys-size=2 -p tests/userprog/multi-child-fd -a multi-child-fd -p ../../tests/userprog/sample.txt -a sample.txt -p tests/userprog/child-close -a child-close -- -q  -f run multi-child-fd < /dev/null 2> tests/userprog/multi-child-fd.errors > tests/userprog/multi-child-fd.output
perl -I../.. ../../tests/userprog/multi-child-fd.ck tests/userprog/multi-child-fd tests/userprog/multi-child-fd.result
FAIL tests/userprog/multi-child-fd
run: read of 239 bytes at offset 0 in "sample.txt" returned 3221224672: FAILED
../../utils/pintos -v -k -T 60 --qemu  --filesys-size=2 -p tests/userprog/rox-simple -a rox-simple -- -q  -f run rox-simple < /dev/null 2> tests/userprog/rox-simple.errors > tests/userprog/rox-simple.output
perl -I../.. ../../tests/userprog/rox-simple.ck tests/userprog/rox-simple tests/userprog/rox-simple.result
FAIL tests/userprog/rox-simple
run: read "rox-simple": FAILED
../../utils/pintos -v -k -T 60 --qemu  --filesys-size=2 -p tests/userprog/rox-child -a rox-child -p tests/userprog/child-rox -a child-rox -- -q  -f run rox-child < /dev/null 2> tests/userprog/rox-child.errors > tests/userprog/rox-child.output
perl -I../.. ../../tests/userprog/rox-child.ck tests/userprog/rox-child tests/userprog/rox-child.result
FAIL tests/userprog/rox-child
run: read "child-rox": FAILED
../../utils/pintos -v -k -T 60 --qemu  --filesys-size=2 -p tests/userprog/rox-multichild -a rox-multichild -p tests/userprog/child-rox -a child-rox -- -q  -f run rox-multichild < /dev/null 2> tests/userprog/rox-multichild.errors > tests/userprog/rox-multichild.output
perl -I../.. ../../tests/userprog/rox-multichild.ck tests/userprog/rox-multichild tests/userprog/rox-multichild.result
FAIL tests/userprog/rox-multichild
run: read "child-rox": FAILED
../../utils/pintos -v -k -T 60 --qemu  --filesys-size=2 -p tests/userprog/bad-read -a bad-read -- -q  -f run bad-read < /dev/null 2> tests/userprog/bad-read.errors > tests/userprog/bad-read.output
perl -I../.. ../../tests/userprog/bad-read.ck tests/userprog/bad-read tests/userprog/bad-read.result
pass tests/userprog/bad-read
../../utils/pintos -v -k -T 60 --qemu  --filesys-size=2 -p tests/userprog/bad-write -a bad-write -- -q  -f run bad-write < /dev/null 2> tests/userprog/bad-write.errors > tests/userprog/bad-write.output
perl -I../.. ../../tests/userprog/bad-write.ck tests/userprog/bad-write tests/userprog/bad-write.result
pass tests/userprog/bad-write
../../utils/pintos -v -k -T 60 --qemu  --filesys-size=2 -p tests/userprog/bad-read2 -a bad-read2 -- -q  -f run bad-read2 < /dev/null 2> tests/userprog/bad-read2.errors > tests/userprog/bad-read2.output
perl -I../.. ../../tests/userprog/bad-read2.ck tests/userprog/bad-read2 tests/userprog/bad-read2.result
pass tests/userprog/bad-read2
../../utils/pintos -v -k -T 60 --qemu  --filesys-size=2 -p tests/userprog/bad-write2 -a bad-write2 -- -q  -f run bad-write2 < /dev/null 2> tests/userprog/bad-write2.errors > tests/userprog/bad-write2.output
perl -I../.. ../../tests/userprog/bad-write2.ck tests/userprog/bad-write2 tests/userprog/bad-write2.result
pass tests/userprog/bad-write2
../../utils/pintos -v -k -T 60 --qemu  --filesys-size=2 -p tests/userprog/bad-jump -a bad-jump -- -q  -f run bad-jump < /dev/null 2> tests/userprog/bad-jump.errors > tests/userprog/bad-jump.output
perl -I../.. ../../tests/userprog/bad-jump.ck tests/userprog/bad-jump tests/userprog/bad-jump.result
pass tests/userprog/bad-jump
../../utils/pintos -v -k -T 60 --qemu  --filesys-size=2 -p tests/userprog/bad-jump2 -a bad-jump2 -- -q  -f run bad-jump2 < /dev/null 2> tests/userprog/bad-jump2.errors > tests/userprog/bad-jump2.output
perl -I../.. ../../tests/userprog/bad-jump2.ck tests/userprog/bad-jump2 tests/userprog/bad-jump2.result
pass tests/userprog/bad-jump2
../../utils/pintos -v -k -T 360 --qemu  --filesys-size=2 -p tests/userprog/no-vm/multi-oom -a multi-oom -- -q  -f run multi-oom < /dev/null 2> tests/userprog/no-vm/multi-oom.errors > tests/userprog/no-vm/multi-oom.output
perl -I../.. ../../tests/userprog/no-vm/multi-oom.ck tests/userprog/no-vm/multi-oom tests/userprog/no-vm/multi-oom.result
FAIL tests/userprog/no-vm/multi-oom
run: TIMEOUT after 674 seconds of wall-clock time - load average: 1.10, 1.11, 1.05
../../utils/pintos -v -k -T 60 --qemu  --filesys-size=2 -p tests/filesys/base/lg-create -a lg-create -- -q  -f run lg-create < /dev/null 2> tests/filesys/base/lg-create.errors > tests/filesys/base/lg-create.output
perl -I../.. ../../tests/filesys/base/lg-create.ck tests/filesys/base/lg-create tests/filesys/base/lg-create.result
FAIL tests/filesys/base/lg-create
run: read of 512 bytes at offset 0 in "blargle" returned 3221224768: FAILED
../../utils/pintos -v -k -T 60 --qemu  --filesys-size=2 -p tests/filesys/base/lg-full -a lg-full -- -q  -f run lg-full < /dev/null 2> tests/filesys/base/lg-full.errors > tests/filesys/base/lg-full.output
perl -I../.. ../../tests/filesys/base/lg-full.ck tests/filesys/base/lg-full tests/filesys/base/lg-full.result
FAIL tests/filesys/base/lg-full
Kernel panic in run: PANIC at ../../userprog/exception.c:104 in kill(): Kernel bug - unexpected interrupt in kernel
Call stack: 0xc0028c1e 0xc0020963 0x424548b
Translation of call stack:
In kernel.o:
0xc0028c1e: debug_panic (.../../lib/kernel/debug.c:38)
0xc0020963: big_ready (..../../threads/thread.c:420)
0x0424548b: (unknown)
../../utils/pintos -v -k -T 60 --qemu  --filesys-size=2 -p tests/filesys/base/lg-random -a lg-random -- -q  -f run lg-random < /dev/null 2> tests/filesys/base/lg-random.errors > tests/filesys/base/lg-random.output
perl -I../.. ../../tests/filesys/base/lg-random.ck tests/filesys/base/lg-random tests/filesys/base/lg-random.result
FAIL tests/filesys/base/lg-random
Kernel panic in run: PANIC at ../../userprog/exception.c:104 in kill(): Kernel bug - unexpected interrupt in kernel
Call stack: 0xc0028c1e 0xc0020963 0x424548b
Translation of call stack:
In kernel.o:
0xc0028c1e: debug_panic (.../../lib/kernel/debug.c:38)
0xc0020963: big_ready (..../../threads/thread.c:420)
0x0424548b: (unknown)
../../utils/pintos -v -k -T 60 --qemu  --filesys-size=2 -p tests/filesys/base/lg-seq-block -a lg-seq-block -- -q  -f run lg-seq-block < /dev/null 2> tests/filesys/base/lg-seq-block.errors > tests/filesys/base/lg-seq-block.output
perl -I../.. ../../tests/filesys/base/lg-seq-block.ck tests/filesys/base/lg-seq-block tests/filesys/base/lg-seq-block.result
FAIL tests/filesys/base/lg-seq-block
Kernel panic in run: PANIC at ../../userprog/exception.c:104 in kill(): Kernel bug - unexpected interrupt in kernel
Call stack: 0xc0028c1e 0xc0020963 0x424548b
Translation of call stack:
In kernel.o:
0xc0028c1e: debug_panic (.../../lib/kernel/debug.c:38)
0xc0020963: big_ready (..../../threads/thread.c:420)
0x0424548b: (unknown)
../../utils/pintos -v -k -T 60 --qemu  --filesys-size=2 -p tests/filesys/base/lg-seq-random -a lg-seq-random -- -q  -f run lg-seq-random < /dev/null 2> tests/filesys/base/lg-seq-random.errors > tests/filesys/base/lg-seq-random.output
perl -I../.. ../../tests/filesys/base/lg-seq-random.ck tests/filesys/base/lg-seq-random tests/filesys/base/lg-seq-random.result
FAIL tests/filesys/base/lg-seq-random
Kernel panic in run: PANIC at ../../userprog/exception.c:104 in kill(): Kernel bug - unexpected interrupt in kernel
Call stack: 0xc0028c1e 0xc0020963 0x424548b
Translation of call stack:
In kernel.o:
0xc0028c1e: debug_panic (.../../lib/kernel/debug.c:38)
0xc0020963: big_ready (..../../threads/thread.c:420)
0x0424548b: (unknown)
../../utils/pintos -v -k -T 60 --qemu  --filesys-size=2 -p tests/filesys/base/sm-create -a sm-create -- -q  -f run sm-create < /dev/null 2> tests/filesys/base/sm-create.errors > tests/filesys/base/sm-create.output
perl -I../.. ../../tests/filesys/base/sm-create.ck tests/filesys/base/sm-create tests/filesys/base/sm-create.result
FAIL tests/filesys/base/sm-create
run: read of 512 bytes at offset 0 in "blargle" returned 3221224768: FAILED
../../utils/pintos -v -k -T 60 --qemu  --filesys-size=2 -p tests/filesys/base/sm-full -a sm-full -- -q  -f run sm-full < /dev/null 2> tests/filesys/base/sm-full.errors > tests/filesys/base/sm-full.output
perl -I../.. ../../tests/filesys/base/sm-full.ck tests/filesys/base/sm-full tests/filesys/base/sm-full.result
FAIL tests/filesys/base/sm-full
Kernel panic in run: PANIC at ../../userprog/exception.c:104 in kill(): Kernel bug - unexpected interrupt in kernel
Call stack: 0xc0028c1e 0xc0020963 0x424548b
Translation of call stack:
In kernel.o:
0xc0028c1e: debug_panic (.../../lib/kernel/debug.c:38)
0xc0020963: big_ready (..../../threads/thread.c:420)
0x0424548b: (unknown)
../../utils/pintos -v -k -T 60 --qemu  --filesys-size=2 -p tests/filesys/base/sm-random -a sm-random -- -q  -f run sm-random < /dev/null 2> tests/filesys/base/sm-random.errors > tests/filesys/base/sm-random.output
perl -I../.. ../../tests/filesys/base/sm-random.ck tests/filesys/base/sm-random tests/filesys/base/sm-random.result
FAIL tests/filesys/base/sm-random
Kernel panic in run: PANIC at ../../userprog/exception.c:104 in kill(): Kernel bug - unexpected interrupt in kernel
Call stack: 0xc0028c1e 0xc0020963 0x424548b
Translation of call stack:
In kernel.o:
0xc0028c1e: debug_panic (.../../lib/kernel/debug.c:38)
0xc0020963: big_ready (..../../threads/thread.c:420)
0x0424548b: (unknown)
../../utils/pintos -v -k -T 60 --qemu  --filesys-size=2 -p tests/filesys/base/sm-seq-block -a sm-seq-block -- -q  -f run sm-seq-block < /dev/null 2> tests/filesys/base/sm-seq-block.errors > tests/filesys/base/sm-seq-block.output
perl -I../.. ../../tests/filesys/base/sm-seq-block.ck tests/filesys/base/sm-seq-block tests/filesys/base/sm-seq-block.result
FAIL tests/filesys/base/sm-seq-block
Kernel panic in run: PANIC at ../../userprog/exception.c:104 in kill(): Kernel bug - unexpected interrupt in kernel
Call stack: 0xc0028c1e 0xc0020963 0x424548b
Translation of call stack:
In kernel.o:
0xc0028c1e: debug_panic (.../../lib/kernel/debug.c:38)
0xc0020963: big_ready (..../../threads/thread.c:420)
0x0424548b: (unknown)
../../utils/pintos -v -k -T 60 --qemu  --filesys-size=2 -p tests/filesys/base/sm-seq-random -a sm-seq-random -- -q  -f run sm-seq-random < /dev/null 2> tests/filesys/base/sm-seq-random.errors > tests/filesys/base/sm-seq-random.output
perl -I../.. ../../tests/filesys/base/sm-seq-random.ck tests/filesys/base/sm-seq-random tests/filesys/base/sm-seq-random.result
FAIL tests/filesys/base/sm-seq-random
Kernel panic in run: PANIC at ../../userprog/exception.c:104 in kill(): Kernel bug - unexpected interrupt in kernel
Call stack: 0xc0028c1e 0xc0020963 0x424548b
Translation of call stack:
In kernel.o:
0xc0028c1e: debug_panic (.../../lib/kernel/debug.c:38)
0xc0020963: big_ready (..../../threads/thread.c:420)
0x0424548b: (unknown)
../../utils/pintos -v -k -T 300 --qemu  --filesys-size=2 -p tests/filesys/base/syn-read -a syn-read -p tests/filesys/base/child-syn-read -a child-syn-read -- -q  -f run syn-read < /dev/null 2> tests/filesys/base/syn-read.errors > tests/filesys/base/syn-read.output
perl -I../.. ../../tests/filesys/base/syn-read.ck tests/filesys/base/syn-read tests/filesys/base/syn-read.result
FAIL tests/filesys/base/syn-read
Kernel panic in run: PANIC at ../../userprog/exception.c:104 in kill(): Kernel bug - unexpected interrupt in kernel
Call stack: 0xc0028c1e 0xc0020963 0x424548b
Translation of call stack:
In kernel.o:
0xc0028c1e: debug_panic (.../../lib/kernel/debug.c:38)
0xc0020963: big_ready (..../../threads/thread.c:420)
0x0424548b: (unknown)
../../utils/pintos -v -k -T 60 --qemu  --filesys-size=2 -p tests/filesys/base/syn-remove -a syn-remove -- -q  -f run syn-remove < /dev/null 2> tests/filesys/base/syn-remove.errors > tests/filesys/base/syn-remove.output
perl -I../.. ../../tests/filesys/base/syn-remove.ck tests/filesys/base/syn-remove tests/filesys/base/syn-remove.result
FAIL tests/filesys/base/syn-remove
Kernel panic in run: PANIC at ../../userprog/exception.c:104 in kill(): Kernel bug - unexpected interrupt in kernel
Call stack: 0xc0028c1e 0xc0020963 0x424548b
Translation of call stack:
In kernel.o:
0xc0028c1e: debug_panic (.../../lib/kernel/debug.c:38)
0xc0020963: big_ready (..../../threads/thread.c:420)
0x0424548b: (unknown)
../../utils/pintos -v -k -T 60 --qemu  --filesys-size=2 -p tests/filesys/base/syn-write -a syn-write -p tests/filesys/base/child-syn-wrt -a child-syn-wrt -- -q  -f run syn-write < /dev/null 2> tests/filesys/base/syn-write.errors > tests/filesys/base/syn-write.output
perl -I../.. ../../tests/filesys/base/syn-write.ck tests/filesys/base/syn-write tests/filesys/base/syn-write.result
FAIL tests/filesys/base/syn-write
Kernel panic in run: PANIC at ../../userprog/exception.c:104 in kill(): Kernel bug - unexpected interrupt in kernel
Call stack: 0xc0028c1e 0xc0020963 0x424548b
Translation of call stack:
In kernel.o:
0xc0028c1e: debug_panic (.../../lib/kernel/debug.c:38)
0xc0020963: big_ready (..../../threads/thread.c:420)
0x0424548b: (unknown)
pass tests/userprog/args-none
pass tests/userprog/args-single
pass tests/userprog/args-multiple
pass tests/userprog/args-many
pass tests/userprog/args-dbl-space
pass tests/userprog/sc-bad-sp
pass tests/userprog/sc-bad-arg
pass tests/userprog/sc-boundary
pass tests/userprog/sc-boundary-2
pass tests/userprog/halt
pass tests/userprog/exit
pass tests/userprog/create-normal
FAIL tests/userprog/create-empty
FAIL tests/userprog/create-null
FAIL tests/userprog/create-bad-ptr
FAIL tests/userprog/create-long
FAIL tests/userprog/create-exists
pass tests/userprog/create-bound
pass tests/userprog/open-normal
FAIL tests/userprog/open-missing
pass tests/userprog/open-boundary
FAIL tests/userprog/open-empty
pass tests/userprog/open-null
FAIL tests/userprog/open-bad-ptr
pass tests/userprog/open-twice
pass tests/userprog/close-normal
pass tests/userprog/close-twice
pass tests/userprog/close-stdin
pass tests/userprog/close-stdout
pass tests/userprog/close-bad-fd
FAIL tests/userprog/read-normal
FAIL tests/userprog/read-bad-ptr
FAIL tests/userprog/read-boundary
FAIL tests/userprog/read-zero
pass tests/userprog/read-stdout
pass tests/userprog/read-bad-fd
FAIL tests/userprog/write-normal
pass tests/userprog/write-bad-ptr
FAIL tests/userprog/write-boundary
FAIL tests/userprog/write-zero
FAIL tests/userprog/write-stdin
FAIL tests/userprog/write-bad-fd
pass tests/userprog/exec-once
pass tests/userprog/exec-arg
pass tests/userprog/exec-multiple
pass tests/userprog/exec-missing
pass tests/userprog/exec-bad-ptr
pass tests/userprog/wait-simple
pass tests/userprog/wait-twice
pass tests/userprog/wait-killed
pass tests/userprog/wait-bad-pid
pass tests/userprog/multi-recurse
FAIL tests/userprog/multi-child-fd
FAIL tests/userprog/rox-simple
FAIL tests/userprog/rox-child
FAIL tests/userprog/rox-multichild
pass tests/userprog/bad-read
pass tests/userprog/bad-write
pass tests/userprog/bad-read2
pass tests/userprog/bad-write2
pass tests/userprog/bad-jump
pass tests/userprog/bad-jump2
FAIL tests/userprog/no-vm/multi-oom
FAIL tests/filesys/base/lg-create
FAIL tests/filesys/base/lg-full
FAIL tests/filesys/base/lg-random
FAIL tests/filesys/base/lg-seq-block
FAIL tests/filesys/base/lg-seq-random
FAIL tests/filesys/base/sm-create
FAIL tests/filesys/base/sm-full
FAIL tests/filesys/base/sm-random
FAIL tests/filesys/base/sm-seq-block
FAIL tests/filesys/base/sm-seq-random
FAIL tests/filesys/base/syn-read
FAIL tests/filesys/base/syn-remove
FAIL tests/filesys/base/syn-write
35 of 76 tests failed.
../../tests/make-grade ../.. results ../../tests/userprog/Grading | tee grade
TOTAL TESTING SCORE: 82.0%

- - - - - - - - - - - - - - - - - - - - - - - - - - - - - - - - - - - - - - 

SUMMARY BY TEST SET

Test Set                                      Pts Max  % Ttl  % Max
--------------------------------------------- --- --- ------ ------
tests/userprog/Rubric.functionality           108/108  35.0%/ 35.0%
tests/userprog/Rubric.robustness               88/ 88  25.0%/ 25.0%
tests/userprog/no-vm/Rubric                     0/  1   0.0%/ 10.0%
tests/filesys/base/Rubric                      22/ 30  22.0%/ 30.0%
--------------------------------------------- --- --- ------ ------
Total                                                  82.0%/100.0%

- - - - - - - - - - - - - - - - - - - - - - - - - - - - - - - - - - - - - - 

SUMMARY OF INDIVIDUAL TESTS

Functionality of system calls (tests/userprog/Rubric.functionality):
	- Test argument passing on Pintos command line.
	     3/ 3 tests/userprog/args-none
	     3/ 3 tests/userprog/args-single
	     3/ 3 tests/userprog/args-multiple
	     3/ 3 tests/userprog/args-many
	     3/ 3 tests/userprog/args-dbl-space

	- Test "create" system call.
	     3/ 3 tests/userprog/create-empty
	     3/ 3 tests/userprog/create-long
	     3/ 3 tests/userprog/create-normal
	     3/ 3 tests/userprog/create-exists

	- Test "open" system call.
	     3/ 3 tests/userprog/open-missing
	     3/ 3 tests/userprog/open-normal
	     3/ 3 tests/userprog/open-twice

	- Test "read" system call.
	     3/ 3 tests/userprog/read-normal
	     3/ 3 tests/userprog/read-zero

	- Test "write" system call.
	     3/ 3 tests/userprog/write-normal
	     3/ 3 tests/userprog/write-zero

	- Test "close" system call.
	     3/ 3 tests/userprog/close-normal

	- Test "exec" system call.
	     5/ 5 tests/userprog/exec-once
	     5/ 5 tests/userprog/exec-multiple
	     5/ 5 tests/userprog/exec-arg

	- Test "wait" system call.
	     5/ 5 tests/userprog/wait-simple
	     5/ 5 tests/userprog/wait-twice

	- Test "exit" system call.
	     5/ 5 tests/userprog/exit

	- Test "halt" system call.
	     3/ 3 tests/userprog/halt

	- Test recursive execution of user programs.
	    15/15 tests/userprog/multi-recurse

	- Test read-only executable feature.
	     3/ 3 tests/userprog/rox-simple
	     3/ 3 tests/userprog/rox-child
	     3/ 3 tests/userprog/rox-multichild

	- Section summary.
	     28/ 28 tests passed
	    108/108 points subtotal

Robustness of system calls (tests/userprog/Rubric.robustness):
	- Test robustness of file descriptor handling.
	     2/ 2 tests/userprog/close-stdin
	     2/ 2 tests/userprog/close-stdout
	     2/ 2 tests/userprog/close-bad-fd
	     2/ 2 tests/userprog/close-twice
	     2/ 2 tests/userprog/read-bad-fd
	     2/ 2 tests/userprog/read-stdout
	     2/ 2 tests/userprog/write-bad-fd
	     2/ 2 tests/userprog/write-stdin
	     2/ 2 tests/userprog/multi-child-fd

	- Test robustness of pointer handling.
	     3/ 3 tests/userprog/create-bad-ptr
	     3/ 3 tests/userprog/exec-bad-ptr
	     3/ 3 tests/userprog/open-bad-ptr
	     3/ 3 tests/userprog/read-bad-ptr
	     3/ 3 tests/userprog/write-bad-ptr

	- Test robustness of buffer copying across page boundaries.
	     3/ 3 tests/userprog/create-bound
	     3/ 3 tests/userprog/open-boundary
	     3/ 3 tests/userprog/read-boundary
	     3/ 3 tests/userprog/write-boundary

	- Test handling of null pointer and empty strings.
	     2/ 2 tests/userprog/create-null
	     2/ 2 tests/userprog/open-null
	     2/ 2 tests/userprog/open-empty

	- Test robustness of system call implementation.
	     3/ 3 tests/userprog/sc-bad-arg
	     3/ 3 tests/userprog/sc-bad-sp
	     5/ 5 tests/userprog/sc-boundary
	     5/ 5 tests/userprog/sc-boundary-2

	- Test robustness of "exec" and "wait" system calls.
	     5/ 5 tests/userprog/exec-missing
	     5/ 5 tests/userprog/wait-bad-pid
	     5/ 5 tests/userprog/wait-killed

	- Test robustness of exception handling.
	     1/ 1 tests/userprog/bad-read
	     1/ 1 tests/userprog/bad-write
	     1/ 1 tests/userprog/bad-jump
	     1/ 1 tests/userprog/bad-read2
	     1/ 1 tests/userprog/bad-write2
	     1/ 1 tests/userprog/bad-jump2

	- Section summary.
	     34/ 34 tests passed
	     88/ 88 points subtotal

Functionality of features that VM might break (tests/userprog/no-vm/Rubric):

	  ** 0/ 1 tests/userprog/no-vm/multi-oom

	- Section summary.
	      0/  1 tests passed
	      0/  1 points subtotal

Functionality of base file system (tests/filesys/base/Rubric):
	- Test basic support for small files.
	     1/ 1 tests/filesys/base/sm-create
	     2/ 2 tests/filesys/base/sm-full
	     2/ 2 tests/filesys/base/sm-random
	     2/ 2 tests/filesys/base/sm-seq-block
	     3/ 3 tests/filesys/base/sm-seq-random

	- Test basic support for large files.
	     1/ 1 tests/filesys/base/lg-create
	     2/ 2 tests/filesys/base/lg-full
	     2/ 2 tests/filesys/base/lg-random
	     2/ 2 tests/filesys/base/lg-seq-block
	     3/ 3 tests/filesys/base/lg-seq-random

	- Test synchronized multiprogram access to files.
	  ** 0/ 4 tests/filesys/base/syn-read
	  ** 0/ 4 tests/filesys/base/syn-write
	     2/ 2 tests/filesys/base/syn-remove

	- Section summary.
	     11/ 13 tests passed
	     22/ 30 points subtotal


- - - - - - - - - - - - - - - - - - - - - - - - - - - - - - - - - - - - - - 

DETAILS OF tests/userprog/no-vm/multi-oom FAILURE:

Kernel panic in run: PANIC at ../../userprog/exception.c:126 in kill(): Kernel bug - unexpected interrupt in kernel
Call stack: 0xc0028bce 0xc0028cca 0x424548b
Translation of call stack:
In kernel.o:
0xc0028bce: debug_panic (.../../lib/kernel/debug.c:38)
0xc0028cca: is_head (..../../lib/kernel/list.c:41)
0x0424548b: (unknown)

OUTPUT FROM tests/userprog/no-vm/multi-oom:

Copying tests/userprog/no-vm/multi-oom to scratch partition...
qemu-system-i386 -device isa-debug-exit -hda /tmp/QDJaasj57n.dsk -m 4 -net none -nographic -monitor null
PiLo hda1
Loading...........
Kernel command line: -q -f extract run multi-oom
Pintos booting with 4,088 kB RAM...
382 pages available in kernel pool.
382 pages available in user pool.
Calibrating timer...  419,020,800 loops/s.
hda: 5,040 sectors (2 MB), model "QM00001", serial "QEMU HARDDISK"
hda1: 177 sectors (88 kB), Pintos OS kernel (20)
hda2: 4,096 sectors (2 MB), Pintos file system (21)
hda3: 119 sectors (59 kB), Pintos scratch (22)
filesys: using hda2
scratch: using hda3
Formatting file system...done.
Boot complete.
Extracting ustar archive from scratch device into file system...
Putting 'multi-oom' into the file system...
Erasing ustar archive...
Executing 'multi-oom':
(multi-oom) begin
multi-oom: exit(-1)
multi-oom: exit(-1)
multi-oom: exit(-1)
multi-oom: exit(-1)
Page fault at 0xc0000000: rights violation error reading page in user context.
multi-oom 21 -k: dying due to interrupt 0x0e (#PF Page-Fault Exception).
Interrupt 0x0e (#PF Page-Fault Exception) at eip=0x8048106
 cr2=c0000000 error=00000005
 eax=2172beca ebx=00000015 ecx=00000005 edx=00000002
 esi=bfffffe0 edi=00000000 esp=bffffed0 ebp=bfffffb0
 cs=001b ds=0023 es=0023 ss=0023
multi-oom: exit(-1)
multi-oom: exit(-1)
multi-oom: exit(-1)
Page fault at 0xc0000000: rights violation error reading page in user context.
multi-oom 24 -k: dying due to interrupt 0x0e (#PF Page-Fault Exception).
Interrupt 0x0e (#PF Page-Fault Exception) at eip=0x8048106
 cr2=c0000000 error=00000005
 eax=03b45a13 ebx=00000018 ecx=00000005 edx=00000002
 esi=bfffffe0 edi=00000000 esp=bffffed0 ebp=bfffffb0
 cs=001b ds=0023 es=0023 ss=0023
multi-oom: exit(-1)
Page fault at 0: not present error writing page in user context.
multi-oom 25 -k: dying due to interrupt 0x0e (#PF Page-Fault Exception).
Interrupt 0x0e (#PF Page-Fault Exception) at eip=0x80480f5
 cr2=00000000 error=00000006
 eax=132e1c8f ebx=00000019 ecx=00000005 edx=00000000
 esi=bfffffe0 edi=00000000 esp=bffffed0 ebp=bfffffb0
 cs=001b ds=0023 es=0023 ss=0023
multi-oom: exit(-1)
Page fault at 0xc0000000: rights violation error writing page in user context.
multi-oom 26 -k: dying due to interrupt 0x0e (#PF Page-Fault Exception).
Interrupt 0x0e (#PF Page-Fault Exception) at eip=0x804810d
 cr2=c0000000 error=00000007
 eax=189c8905 ebx=0000001a ecx=00000005 edx=00000003
 esi=bfffffe0 edi=00000000 esp=bffffed0 ebp=bfffffb0
 cs=001b ds=0023 es=0023 ss=0023
multi-oom: exit(-1)
Page fault at 0: not present error reading page in user context.
multi-oom 27 -k: dying due to interrupt 0x0e (#PF Page-Fault Exception).
Interrupt 0x0e (#PF Page-Fault Exception) at eip=0x80480ff
 cr2=00000000 error=00000004
 eax=0dc524c6 ebx=0000001b ecx=00000005 edx=00000001
 esi=bfffffe0 edi=00000000 esp=bffffed0 ebp=bfffffb0
 cs=001b ds=0023 es=0023 ss=0023
multi-oom: exit(-1)
Page fault at 0xc0000000: rights violation error reading page in user context.
multi-oom 28 -k: dying due to interrupt 0x0e (#PF Page-Fault Exception).
Interrupt 0x0e (#PF Page-Fault Exception) at eip=0x8048106
 cr2=c0000000 error=00000005
 eax=1104fc63 ebx=0000001c ecx=00000005 edx=00000002
 esi=bfffffe0 edi=00000000 esp=bffffed0 ebp=bfffffb0
 cs=001b ds=0023 es=0023 ss=0023
multi-oom: exit(-1)
Page fault at 0xc0000000: rights violation error reading page in user context.
multi-oom 29 -k: dying due to interrupt 0x0e (#PF Page-Fault Exception).
Interrupt 0x0e (#PF Page-Fault Exception) at eip=0x8048106
 cr2=c0000000 error=00000005
 eax=1d0f5d6c ebx=0000001d ecx=00000005 edx=00000002
 esi=bfffffe0 edi=00000000 esp=bffffed0 ebp=bfffffb0
 cs=001b ds=0023 es=0023 ss=0023
multi-oom: exit(-1)
Page fault at 0xc0000000: rights violation error reading page in user context.
multi-oom 30 -k: dying due to interrupt 0x0e (#PF Page-Fault Exception).
Interrupt 0x0e (#PF Page-Fault Exception) at eip=0x8048106
 cr2=c0000000 error=00000005
 eax=2ca078b3 ebx=0000001e ecx=00000005 edx=00000002
 esi=bfffffe0 edi=00000000 esp=bffffed0 ebp=bfffffb0
 cs=001b ds=0023 es=0023 ss=0023
multi-oom: exit(-1)
Page fault at 0: not present error reading page in user context.
multi-oom 31 -k: dying due to interrupt 0x0e (#PF Page-Fault Exception).
Interrupt 0x0e (#PF Page-Fault Exception) at eip=0x80480ff
 cr2=00000000 error=00000004
 eax=2ad31da0 ebx=0000001f ecx=00000005 edx=00000001
 esi=bfffffe0 edi=00000000 esp=bffffed0 ebp=bfffffb0
 cs=001b ds=0023 es=0023 ss=0023
multi-oom: exit(-1)
multi-oom: exit(-1)
multi-oom: exit(-1)
Page fault at 0xc0000000: rights violation error writing page in user context.
multi-oom 34 -k: dying due to interrupt 0x0e (#PF Page-Fault Exception).
Interrupt 0x0e (#PF Page-Fault Exception) at eip=0x804810d
 cr2=c0000000 error=00000007
 eax=2a4591dd ebx=00000022 ecx=00000005 edx=00000003
 esi=bfffffe0 edi=00000000 esp=bffffed0 ebp=bfffffb0
 cs=001b ds=0023 es=0023 ss=0023
multi-oom: exit(-1)
Page fault at 0: not present error reading page in user context.
multi-oom 35 -k: dying due to interrupt 0x0e (#PF Page-Fault Exception).
Interrupt 0x0e (#PF Page-Fault Exception) at eip=0x80480ff
 cr2=00000000 error=00000004
 eax=1805a9c7 ebx=00000023 ecx=00000005 edx=00000001
 esi=bfffffe0 edi=00000000 esp=bffffed0 ebp=bfffffb0
 cs=001b ds=0023 es=0023 ss=0023
multi-oom: exit(-1)
Page fault at 0: not present error reading page in user context.
multi-oom 36 -k: dying due to interrupt 0x0e (#PF Page-Fault Exception).
Interrupt 0x0e (#PF Page-Fault Exception) at eip=0x80480ff
 cr2=00000000 error=00000004
 eax=047b9203 ebx=00000024 ecx=00000005 edx=00000001
 esi=bfffffe0 edi=00000000 esp=bffffed0 ebp=bfffffb0
 cs=001b ds=0023 es=0023 ss=0023
multi-oom: exit(-1)
Page fault at 0xc0000000: rights violation error writing page in user context.
multi-oom 37 -k: dying due to interrupt 0x0e (#PF Page-Fault Exception).
Interrupt 0x0e (#PF Page-Fault Exception) at eip=0x804810d
 cr2=c0000000 error=00000007
 eax=21f04aa4 ebx=00000025 ecx=00000005 edx=00000003
 esi=bfffffe0 edi=00000000 esp=bffffed0 ebp=bfffffb0
 cs=001b ds=0023 es=0023 ss=0023
multi-oom: exit(-1)
Page fault at 0xc0000000: rights violation error reading page in user context.
multi-oom 38 -k: dying due to interrupt 0x0e (#PF Page-Fault Exception).
Interrupt 0x0e (#PF Page-Fault Exception) at eip=0x8048106
 cr2=c0000000 error=00000005
 eax=18e3cece ebx=00000026 ecx=00000005 edx=00000002
 esi=bfffffe0 edi=00000000 esp=bffffed0 ebp=bfffffb0
 cs=001b ds=0023 es=0023 ss=0023
multi-oom: exit(-1)
Page fault at 0: not present error reading page in user context.
multi-oom 39 -k: dying due to interrupt 0x0e (#PF Page-Fault Exception).
Interrupt 0x0e (#PF Page-Fault Exception) at eip=0x80480ff
 cr2=00000000 error=00000004
 eax=21e04920 ebx=00000027 ecx=00000005 edx=00000001
 esi=bfffffe0 edi=00000000 esp=bffffed0 ebp=bfffffb0
 cs=001b ds=0023 es=0023 ss=0023
multi-oom: exit(-1)
Page fault at 0: not present error writing page in user context.
multi-oom 40 -k: dying due to interrupt 0x0e (#PF Page-Fault Exception).
Interrupt 0x0e (#PF Page-Fault Exception) at eip=0x80480f5
 cr2=00000000 error=00000006
 eax=30edb1c9 ebx=00000028 ecx=00000005 edx=00000000
 esi=bfffffe0 edi=00000000 esp=bffffed0 ebp=bfffffb0
 cs=001b ds=0023 es=0023 ss=0023
multi-oom: exit(-1)
Page fault at 0xcccccccc: not present error reading page in kernel context.
Interrupt 0x0e (#PF Page-Fault Exception) at eip=0xc0028cca
 cr2=cccccccc error=00000000
 eax=cccccccc ebx=cccccccc ecx=c027d000 edx=c027d0a4
 esi=c027d0b0 edi=00000000 esp=c00241bd ebp=c002095b
 cs=0008 ds=0010 es=0010 ss=0001
Kernel PANIC at ../../userprog/exception.c:126 in kill(): Kernel bug - unexpected interrupt in kernel
Call stack: 0xc0028bce 0xc0028cca 0x424548bPage fault at 0x824448b: not present error reading page in kernel context.
Interrupt 0x0e (#PF Page-Fault Exception) at eip=0xc0026788
 cr2=0824448b error=00000000
 eax=0000000a ebx=0824448b ecx=000007ab edx=000003d4
 esi=0000007e edi=c002f2c8 esp=c0030dc4 ebp=c0272d88
 cs=0008 ds=0010 es=0010 ss=548b
Kernel PANIC recursion at ../../userprog/exception.c:126 in kill().
Timer: 8624 ticks
Thread: 30 idle ticks, 354 kernel ticks, 8240 user ticks
hda2 (filesys): 8545 reads, 242 writes
hda3 (scratch): 118 reads, 2 writes
Console: 8090 characters output
Keyboard: 0 keys pressed
Exception: 18 page faults
Powering off...

- - - - - - - - - - - - - - - - - - - - - - - - - - - - - - - - - - - - - - 

DETAILS OF tests/filesys/base/syn-read FAILURE:

run: exec child 7 of 10: "child-syn-read 6": FAILED

OUTPUT FROM tests/filesys/base/syn-read:

Copying tests/filesys/base/syn-read to scratch partition...
Copying tests/filesys/base/child-syn-read to scratch partition...
qemu-system-i386 -device isa-debug-exit -hda /tmp/jJLKtJO6Db.dsk -m 4 -net none -nographic -monitor null
PiLo hda1
Loading...........
Kernel command line: -q -f extract run syn-read
Pintos booting with 4,088 kB RAM...
382 pages available in kernel pool.
382 pages available in user pool.
Calibrating timer...  412,467,200 loops/s.
hda: 5,040 sectors (2 MB), model "QM00001", serial "QEMU HARDDISK"
hda1: 177 sectors (88 kB), Pintos OS kernel (20)
hda2: 4,096 sectors (2 MB), Pintos file system (21)
hda3: 225 sectors (112 kB), Pintos scratch (22)
filesys: using hda2
scratch: using hda3
Formatting file system...done.
Boot complete.
Extracting ustar archive from scratch device into file system...
Putting 'syn-read' into the file system...
Putting 'child-syn-read' into the file system...
Erasing ustar archive...
Executing 'syn-read':
(syn-read) begin
(syn-read) create "data"
(syn-read) open "data"
(syn-read) write "data"
(syn-read) close "data"
(syn-read) exec child 1 of 10: "child-syn-read 0"
(syn-read) exec child 2 of 10: "child-syn-read 1"
(syn-read) exec child 3 of 10: "child-syn-read 2"
(syn-read) exec child 4 of 10: "child-syn-read 3"
(syn-read) exec child 5 of 10: "child-syn-read 4"
(syn-read) exec child 6 of 10: "child-syn-read 5"
(syn-read) exec child 7 of 10: "child-syn-read 6"
(syn-read) exec child 7 of 10: "child-syn-read 6": FAILED
syn-read: exit(1)
Execution of 'syn-read' complete.
Timer: 79 ticks
Thread: 30 idle ticks, 41 kernel ticks, 8 user ticks
hda2 (filesys): 458 reads, 464 writes
hda3 (scratch): 224 reads, 2 writes
Console: 1419 characters output
Keyboard: 0 keys pressed
Exception: 0 page faults
Powering off...

- - - - - - - - - - - - - - - - - - - - - - - - - - - - - - - - - - - - - - 

DETAILS OF tests/filesys/base/syn-write FAILURE:

run: wait for child 1 of 10 returned -1 (expected 0): FAILED

OUTPUT FROM tests/filesys/base/syn-write:

Copying tests/filesys/base/syn-write to scratch partition...
Copying tests/filesys/base/child-syn-wrt to scratch partition...
qemu-system-i386 -device isa-debug-exit -hda /tmp/UT1vrDhq50.dsk -m 4 -net none -nographic -monitor null
PiLo hda1
Loading...........
Kernel command line: -q -f extract run syn-write
Pintos booting with 4,088 kB RAM...
382 pages available in kernel pool.
382 pages available in user pool.
Calibrating timer...  202,752,000 loops/s.
hda: 5,040 sectors (2 MB), model "QM00001", serial "QEMU HARDDISK"
hda1: 177 sectors (88 kB), Pintos OS kernel (20)
hda2: 4,096 sectors (2 MB), Pintos file system (21)
hda3: 224 sectors (112 kB), Pintos scratch (22)
filesys: using hda2
scratch: using hda3
Formatting file system...done.
Boot complete.
Extracting ustar archive from scratch device into file system...
Putting 'syn-write' into the file system...
Putting 'child-syn-wrt' into the file system...
Erasing ustar archive...
Executing 'syn-write':
(syn-write) begin
(syn-write) create "stuff"
(syn-write) exec child 1 of 10: "child-syn-wrt 0"
(syn-write) exec child 2 of 10: "child-syn-wrt 1"
(syn-write) exec child 3 of 10: "child-syn-wrt 2"
(syn-write) exec child 4 of 10: "child-syn-wrt 3"
(syn-write) exec child 5 of 10: "child-syn-wrt 4"
(syn-write) exec child 6 of 10: "child-syn-wrt 5"
(syn-write) exec child 7 of 10: "child-syn-wrt 6"
(syn-write) exec child 8 of 10: "child-syn-wrt 7"
(syn-write) exec child 9 of 10: "child-syn-wrt 8"
(syn-write) exec child 10 of 10: "child-syn-wrt 9"
(syn-write) wait for child 1 of 10 returned -1 (expected 0)
(syn-write) wait for child 1 of 10 returned -1 (expected 0): FAILED
syn-write: exit(1)
Execution of 'syn-write' complete.
Timer: 77 ticks
Thread: 30 idle ticks, 40 kernel ticks, 7 user ticks
hda2 (filesys): 189 reads, 469 writes
hda3 (scratch): 223 reads, 2 writes
Console: 1576 characters output
Keyboard: 0 keys pressed
Exception: 0 page faults
Powering off...
../../tests/make-grade ../.. results ../../tests/userprog/Grading | tee grade
TOTAL TESTING SCORE: 90.0%

- - - - - - - - - - - - - - - - - - - - - - - - - - - - - - - - - - - - - - 

SUMMARY BY TEST SET

Test Set                                      Pts Max  % Ttl  % Max
--------------------------------------------- --- --- ------ ------
tests/userprog/Rubric.functionality           108/108  35.0%/ 35.0%
tests/userprog/Rubric.robustness               88/ 88  25.0%/ 25.0%
tests/userprog/no-vm/Rubric                     0/  1   0.0%/ 10.0%
tests/filesys/base/Rubric                      30/ 30  30.0%/ 30.0%
--------------------------------------------- --- --- ------ ------
Total                                                  90.0%/100.0%

- - - - - - - - - - - - - - - - - - - - - - - - - - - - - - - - - - - - - - 

SUMMARY OF INDIVIDUAL TESTS

Functionality of system calls (tests/userprog/Rubric.functionality):
	- Test argument passing on Pintos command line.
	     3/ 3 tests/userprog/args-none
	     3/ 3 tests/userprog/args-single
	     3/ 3 tests/userprog/args-multiple
	     3/ 3 tests/userprog/args-many
	     3/ 3 tests/userprog/args-dbl-space

	- Test "create" system call.
	     3/ 3 tests/userprog/create-empty
	     3/ 3 tests/userprog/create-long
	     3/ 3 tests/userprog/create-normal
	     3/ 3 tests/userprog/create-exists

	- Test "open" system call.
	     3/ 3 tests/userprog/open-missing
	     3/ 3 tests/userprog/open-normal
	     3/ 3 tests/userprog/open-twice

	- Test "read" system call.
	     3/ 3 tests/userprog/read-normal
	     3/ 3 tests/userprog/read-zero

	- Test "write" system call.
	     3/ 3 tests/userprog/write-normal
	     3/ 3 tests/userprog/write-zero

	- Test "close" system call.
	     3/ 3 tests/userprog/close-normal

	- Test "exec" system call.
	     5/ 5 tests/userprog/exec-once
	     5/ 5 tests/userprog/exec-multiple
	     5/ 5 tests/userprog/exec-arg

	- Test "wait" system call.
	     5/ 5 tests/userprog/wait-simple
	     5/ 5 tests/userprog/wait-twice

	- Test "exit" system call.
	     5/ 5 tests/userprog/exit

	- Test "halt" system call.
	     3/ 3 tests/userprog/halt

	- Test recursive execution of user programs.
	    15/15 tests/userprog/multi-recurse

	- Test read-only executable feature.
	     3/ 3 tests/userprog/rox-simple
	     3/ 3 tests/userprog/rox-child
	     3/ 3 tests/userprog/rox-multichild

	- Section summary.
	     28/ 28 tests passed
	    108/108 points subtotal

Robustness of system calls (tests/userprog/Rubric.robustness):
	- Test robustness of file descriptor handling.
	     2/ 2 tests/userprog/close-stdin
	     2/ 2 tests/userprog/close-stdout
	     2/ 2 tests/userprog/close-bad-fd
	     2/ 2 tests/userprog/close-twice
	     2/ 2 tests/userprog/read-bad-fd
	     2/ 2 tests/userprog/read-stdout
	     2/ 2 tests/userprog/write-bad-fd
	     2/ 2 tests/userprog/write-stdin
	     2/ 2 tests/userprog/multi-child-fd

	- Test robustness of pointer handling.
	     3/ 3 tests/userprog/create-bad-ptr
	     3/ 3 tests/userprog/exec-bad-ptr
	     3/ 3 tests/userprog/open-bad-ptr
	     3/ 3 tests/userprog/read-bad-ptr
	     3/ 3 tests/userprog/write-bad-ptr

	- Test robustness of buffer copying across page boundaries.
	     3/ 3 tests/userprog/create-bound
	     3/ 3 tests/userprog/open-boundary
	     3/ 3 tests/userprog/read-boundary
	     3/ 3 tests/userprog/write-boundary

	- Test handling of null pointer and empty strings.
	     2/ 2 tests/userprog/create-null
	     2/ 2 tests/userprog/open-null
	     2/ 2 tests/userprog/open-empty

	- Test robustness of system call implementation.
	     3/ 3 tests/userprog/sc-bad-arg
	     3/ 3 tests/userprog/sc-bad-sp
	     5/ 5 tests/userprog/sc-boundary
	     5/ 5 tests/userprog/sc-boundary-2

	- Test robustness of "exec" and "wait" system calls.
	     5/ 5 tests/userprog/exec-missing
	     5/ 5 tests/userprog/wait-bad-pid
	     5/ 5 tests/userprog/wait-killed

	- Test robustness of exception handling.
	     1/ 1 tests/userprog/bad-read
	     1/ 1 tests/userprog/bad-write
	     1/ 1 tests/userprog/bad-jump
	     1/ 1 tests/userprog/bad-read2
	     1/ 1 tests/userprog/bad-write2
	     1/ 1 tests/userprog/bad-jump2

	- Section summary.
	     34/ 34 tests passed
	     88/ 88 points subtotal

Functionality of features that VM might break (tests/userprog/no-vm/Rubric):

	  ** 0/ 1 tests/userprog/no-vm/multi-oom

	- Section summary.
	      0/  1 tests passed
	      0/  1 points subtotal

Functionality of base file system (tests/filesys/base/Rubric):
	- Test basic support for small files.
	     1/ 1 tests/filesys/base/sm-create
	     2/ 2 tests/filesys/base/sm-full
	     2/ 2 tests/filesys/base/sm-random
	     2/ 2 tests/filesys/base/sm-seq-block
	     3/ 3 tests/filesys/base/sm-seq-random

	- Test basic support for large files.
	     1/ 1 tests/filesys/base/lg-create
	     2/ 2 tests/filesys/base/lg-full
	     2/ 2 tests/filesys/base/lg-random
	     2/ 2 tests/filesys/base/lg-seq-block
	     3/ 3 tests/filesys/base/lg-seq-random

	- Test synchronized multiprogram access to files.
	     4/ 4 tests/filesys/base/syn-read
	     4/ 4 tests/filesys/base/syn-write
	     2/ 2 tests/filesys/base/syn-remove

	- Section summary.
	     13/ 13 tests passed
	     30/ 30 points subtotal


- - - - - - - - - - - - - - - - - - - - - - - - - - - - - - - - - - - - - - 

DETAILS OF tests/userprog/no-vm/multi-oom FAILURE:

Kernel panic in run: PANIC at ../../filesys/file.c:121 in file_deny_write(): assertion `file != NULL' failed.
Call stack: 0xc0028c0e 0x6f6f2d69
Translation of call stack:
In kernel.o:
0xc0028c0e: debug_panic (.../../lib/kernel/debug.c:38)
0x6f6f2d69: (unknown)

OUTPUT FROM tests/userprog/no-vm/multi-oom:

Copying tests/userprog/no-vm/multi-oom to scratch partition...
qemu-system-i386 -device isa-debug-exit -hda /tmp/gK0G3l7s2T.dsk -m 4 -net none -nographic -monitor null
PiLo hda1
Loading...........
Kernel command line: -q -f extract run multi-oom
Pintos booting with 4,088 kB RAM...
382 pages available in kernel pool.
382 pages available in user pool.
Calibrating timer...  419,020,800 loops/s.
hda: 5,040 sectors (2 MB), model "QM00001", serial "QEMU HARDDISK"
hda1: 177 sectors (88 kB), Pintos OS kernel (20)
hda2: 4,096 sectors (2 MB), Pintos file system (21)
hda3: 119 sectors (59 kB), Pintos scratch (22)
filesys: using hda2
scratch: using hda3
Formatting file system...done.
Boot complete.
Extracting ustar archive from scratch device into file system...
Putting 'multi-oom' into the file system...
Erasing ustar archive...
Executing 'multi-oom':
(multi-oom) begin
multi-oom: exit(-1)
multi-oom: exit(-1)
multi-oom: exit(-1)
multi-oom: exit(-1)
Page fault at 0xc0000000: rights violation error reading page in user context.
multi-oom 21 -k: dying due to interrupt 0x0e (#PF Page-Fault Exception).
Interrupt 0x0e (#PF Page-Fault Exception) at eip=0x8048106
 cr2=c0000000 error=00000005
 eax=2172beca ebx=00000015 ecx=00000005 edx=00000002
 esi=bfffffe0 edi=00000000 esp=bffffed0 ebp=bfffffb0
 cs=001b ds=0023 es=0023 ss=0023
multi-oom: exit(-1)
multi-oom: exit(-1)
multi-oom: exit(-1)
Page fault at 0xc0000000: rights violation error reading page in user context.
multi-oom 24 -k: dying due to interrupt 0x0e (#PF Page-Fault Exception).
Interrupt 0x0e (#PF Page-Fault Exception) at eip=0x8048106
 cr2=c0000000 error=00000005
 eax=03b45a13 ebx=00000018 ecx=00000005 edx=00000002
 esi=bfffffe0 edi=00000000 esp=bffffed0 ebp=bfffffb0
 cs=001b ds=0023 es=0023 ss=0023
multi-oom: exit(-1)
Page fault at 0: not present error writing page in user context.
multi-oom 25 -k: dying due to interrupt 0x0e (#PF Page-Fault Exception).
Interrupt 0x0e (#PF Page-Fault Exception) at eip=0x80480f5
 cr2=00000000 error=00000006
 eax=132e1c8f ebx=00000019 ecx=00000005 edx=00000000
 esi=bfffffe0 edi=00000000 esp=bffffed0 ebp=bfffffb0
 cs=001b ds=0023 es=0023 ss=0023
multi-oom: exit(-1)
Page fault at 0xc0000000: rights violation error writing page in user context.
multi-oom 26 -k: dying due to interrupt 0x0e (#PF Page-Fault Exception).
Interrupt 0x0e (#PF Page-Fault Exception) at eip=0x804810d
 cr2=c0000000 error=00000007
 eax=189c8905 ebx=0000001a ecx=00000005 edx=00000003
 esi=bfffffe0 edi=00000000 esp=bffffed0 ebp=bfffffb0
 cs=001b ds=0023 es=0023 ss=0023
multi-oom: exit(-1)
Page fault at 0: not present error reading page in user context.
multi-oom 27 -k: dying due to interrupt 0x0e (#PF Page-Fault Exception).
Interrupt 0x0e (#PF Page-Fault Exception) at eip=0x80480ff
 cr2=00000000 error=00000004
 eax=0dc524c6 ebx=0000001b ecx=00000005 edx=00000001
 esi=bfffffe0 edi=00000000 esp=bffffed0 ebp=bfffffb0
 cs=001b ds=0023 es=0023 ss=0023
multi-oom: exit(-1)
Page fault at 0xc0000000: rights violation error reading page in user context.
multi-oom 28 -k: dying due to interrupt 0x0e (#PF Page-Fault Exception).
Interrupt 0x0e (#PF Page-Fault Exception) at eip=0x8048106
 cr2=c0000000 error=00000005
 eax=1104fc63 ebx=0000001c ecx=00000005 edx=00000002
 esi=bfffffe0 edi=00000000 esp=bffffed0 ebp=bfffffb0
 cs=001b ds=0023 es=0023 ss=0023
multi-oom: exit(-1)
Page fault at 0xc0000000: rights violation error reading page in user context.
multi-oom 29 -k: dying due to interrupt 0x0e (#PF Page-Fault Exception).
Interrupt 0x0e (#PF Page-Fault Exception) at eip=0x8048106
 cr2=c0000000 error=00000005
 eax=1d0f5d6c ebx=0000001d ecx=00000005 edx=00000002
 esi=bfffffe0 edi=00000000 esp=bffffed0 ebp=bfffffb0
 cs=001b ds=0023 es=0023 ss=0023
multi-oom: exit(-1)
Page fault at 0xc0000000: rights violation error reading page in user context.
multi-oom 30 -k: dying due to interrupt 0x0e (#PF Page-Fault Exception).
Interrupt 0x0e (#PF Page-Fault Exception) at eip=0x8048106
 cr2=c0000000 error=00000005
 eax=2ca078b3 ebx=0000001e ecx=00000005 edx=00000002
 esi=bfffffe0 edi=00000000 esp=bffffed0 ebp=bfffffb0
 cs=001b ds=0023 es=0023 ss=0023
multi-oom: exit(-1)
Page fault at 0: not present error reading page in user context.
multi-oom 31 -k: dying due to interrupt 0x0e (#PF Page-Fault Exception).
Interrupt 0x0e (#PF Page-Fault Exception) at eip=0x80480ff
 cr2=00000000 error=00000004
 eax=2ad31da0 ebx=0000001f ecx=00000005 edx=00000001
 esi=bfffffe0 edi=00000000 esp=bffffed0 ebp=bfffffb0
 cs=001b ds=0023 es=0023 ss=0023
multi-oom: exit(-1)
multi-oom: exit(-1)
multi-oom: exit(-1)
Page fault at 0xc0000000: rights violation error writing page in user context.
multi-oom 34 -k: dying due to interrupt 0x0e (#PF Page-Fault Exception).
Interrupt 0x0e (#PF Page-Fault Exception) at eip=0x804810d
 cr2=c0000000 error=00000007
 eax=2a4591dd ebx=00000022 ecx=00000005 edx=00000003
 esi=bfffffe0 edi=00000000 esp=bffffed0 ebp=bfffffb0
 cs=001b ds=0023 es=0023 ss=0023
multi-oom: exit(-1)
Page fault at 0: not present error reading page in user context.
multi-oom 35 -k: dying due to interrupt 0x0e (#PF Page-Fault Exception).
Interrupt 0x0e (#PF Page-Fault Exception) at eip=0x80480ff
 cr2=00000000 error=00000004
 eax=1805a9c7 ebx=00000023 ecx=00000005 edx=00000001
 esi=bfffffe0 edi=00000000 esp=bffffed0 ebp=bfffffb0
 cs=001b ds=0023 es=0023 ss=0023
multi-oom: exit(-1)
Page fault at 0: not present error reading page in user context.
multi-oom 36 -k: dying due to interrupt 0x0e (#PF Page-Fault Exception).
Interrupt 0x0e (#PF Page-Fault Exception) at eip=0x80480ff
 cr2=00000000 error=00000004
 eax=047b9203 ebx=00000024 ecx=00000005 edx=00000001
 esi=bfffffe0 edi=00000000 esp=bffffed0 ebp=bfffffb0
 cs=001b ds=0023 es=0023 ss=0023
multi-oom: exit(-1)
Page fault at 0xc0000000: rights violation error writing page in user context.
multi-oom 37 -k: dying due to interrupt 0x0e (#PF Page-Fault Exception).
Interrupt 0x0e (#PF Page-Fault Exception) at eip=0x804810d
 cr2=c0000000 error=00000007
 eax=21f04aa4 ebx=00000025 ecx=00000005 edx=00000003
 esi=bfffffe0 edi=00000000 esp=bffffed0 ebp=bfffffb0
 cs=001b ds=0023 es=0023 ss=0023
multi-oom: exit(-1)
Page fault at 0xc0000000: rights violation error reading page in user context.
multi-oom 38 -k: dying due to interrupt 0x0e (#PF Page-Fault Exception).
Interrupt 0x0e (#PF Page-Fault Exception) at eip=0x8048106
 cr2=c0000000 error=00000005
 eax=18e3cece ebx=00000026 ecx=00000005 edx=00000002
 esi=bfffffe0 edi=00000000 esp=bffffed0 ebp=bfffffb0
 cs=001b ds=0023 es=0023 ss=0023
multi-oom: exit(-1)
Page fault at 0: not present error reading page in user context.
multi-oom 39 -k: dying due to interrupt 0x0e (#PF Page-Fault Exception).
Interrupt 0x0e (#PF Page-Fault Exception) at eip=0x80480ff
 cr2=00000000 error=00000004
 eax=21e04920 ebx=00000027 ecx=00000005 edx=00000001
 esi=bfffffe0 edi=00000000 esp=bffffed0 ebp=bfffffb0
 cs=001b ds=0023 es=0023 ss=0023
multi-oom: exit(-1)
Page fault at 0: not present error writing page in user context.
multi-oom 40 -k: dying due to interrupt 0x0e (#PF Page-Fault Exception).
Interrupt 0x0e (#PF Page-Fault Exception) at eip=0x80480f5
 cr2=00000000 error=00000006
 eax=30edb1c9 ebx=00000028 ecx=00000005 edx=00000000
 esi=bfffffe0 edi=00000000 esp=bffffed0 ebp=bfffffb0
 cs=001b ds=0023 es=0023 ss=0023
multi-oom: exit(-1)
multi-oom: exit(39)
multi-oom: exit(39)
multi-oom: exit(39)
multi-oom: exit(39)
multi-oom: exit(39)
multi-oom: exit(39)
multi-oom: exit(39)
multi-oom: exit(39)
multi-oom: exit(39)
multi-oom: exit(39)
multi-oom: exit(39)
multi-oom: exit(39)
multi-oom: exit(39)
multi-oom: exit(39)
multi-oom: exit(39)
multi-oom: exit(39)
multi-oom: exit(39)
multi-oom: exit(39)
multi-oom: exit(39)
multi-oom: exit(39)
multi-oom: exit(39)
multi-oom: exit(39)
multi-oom: exit(39)
multi-oom: exit(39)
multi-oom: exit(39)
multi-oom: exit(39)
multi-oom: exit(39)
multi-oom: exit(39)
multi-oom: exit(39)
multi-oom: exit(39)
multi-oom: exit(39)
multi-oom: exit(39)
multi-oom: exit(39)
multi-oom: exit(39)
multi-oom: exit(39)
multi-oom: exit(39)
multi-oom: exit(39)
multi-oom: exit(39)
multi-oom: exit(39)
multi-oom: exit(-1)
multi-oom: exit(-1)
multi-oom: exit(-1)
multi-oom: exit(-1)
multi-oom: exit(20)
Kernel PANIC at ../../filesys/file.c:121 in file_deny_write(): assertion `file != NULL' failed.
Call stack: 0xc0028c0e 0x6f6f2d69Page fault at 0x746c756d: not present error reading page in kernel context.
Interrupt 0x0e (#PF Page-Fault Exception) at eip=0xc00267c8
 cr2=746c756d error=00000000
 eax=0000000b ebx=746c756d ecx=000007a1 edx=000003d4
 esi=00000079 edi=c002f47c esp=c0030ea4 ebp=c0278c10
 cs=0008 ds=0010 es=0010 ss=2d69
Kernel PANIC recursion at ../../userprog/exception.c:126 in kill().
Timer: 30429 ticks
Thread: 30 idle ticks, 1359 kernel ticks, 29040 user ticks
hda2 (filesys): 20060 reads, 242 writes
hda3 (scratch): 118 reads, 2 writes
Console: 8655 characters output
Keyboard: 0 keys pressed
Exception: 17 page faults
Powering off...
